<?xml version="1.0" encoding="UTF-8"?>
<testsuite name="org.employee.survey.csv.CSVParserTests" tests="4" skipped="0" failures="0" errors="0" timestamp="2019-06-09T21:34:59" hostname="LAPTOP-18HN4L55" time="0.294">
  <properties/>
  <testcase name="testParse_nonExistantCSV_failure" classname="org.employee.survey.csv.CSVParserTests" time="0.001"/>
  <testcase name="testParse_extraCSV_success" classname="org.employee.survey.csv.CSVParserTests" time="0.263"/>
  <testcase name="testParse_badCSV_failure" classname="org.employee.survey.csv.CSVParserTests" time="0.0"/>
  <testcase name="testParse_givenCSV_success" classname="org.employee.survey.csv.CSVParserTests" time="0.023"/>
  <system-out><![CDATA[]]></system-out>
  <system-err><![CDATA[]]></system-err>
</testsuite>
